<?xml version="1.0" encoding="UTF-8"?>
<!-- Generated by org.testng.reporters.JUnitXMLReporter -->
<testsuite hostname="gigla" name="Login and Search" tests="12" failures="0" timestamp="18 Apr 2017 13:46:23 GMT" time="169.096" errors="0">
  <testcase name="SearchTest" time="23.079" classname="com.phptravel.tests.SearchTest"/>
  <testcase name="SearchTest" time="21.54" classname="com.phptravel.tests.SearchTest"/>
  <testcase name="SearchTest" time="20.749" classname="com.phptravel.tests.SearchTest"/>
  <testcase name="LoginTest" time="6.471" classname="com.phptravel.tests.LoginTest"/>
  <testcase name="LoginTest" time="4.307" classname="com.phptravel.tests.LoginTest"/>
  <testcase name="LoginTest" time="4.226" classname="com.phptravel.tests.LoginTest"/>
  <testcase name="LoginTest" time="4.301" classname="com.phptravel.tests.LoginTest"/>
  <testcase name="LoginTest" time="4.848" classname="com.phptravel.tests.LoginTest"/>
  <testcase name="LoginTest" time="4.037" classname="com.phptravel.tests.LoginTest"/>
  <testcase name="LoginTest" time="4.096" classname="com.phptravel.tests.LoginTest"/>
  <testcase name="LoginTest" time="4.032" classname="com.phptravel.tests.LoginTest"/>
  <testcase name="LoginTest" time="4.286" classname="com.phptravel.tests.LoginTest"/>
</testsuite> <!-- Login and Search -->
